<?xml version="1.0" encoding="UTF-8"?>
<testExecutions version="1">
    <file path="C:\Users\AKASH\Desktop\Full Creative Internship\PubSub\App\test\subscriber2.test.js">
        <testCase name="Test Cases for Subscriber 2" duration="14"/>
    </file>
    <file path="C:\Users\AKASH\Desktop\Full Creative Internship\PubSub\App\test\subscriber.test.js">
        <testCase name="Test cases for Subscriber 1" duration="17"/>
    </file>
    <file path="C:\Users\AKASH\Desktop\Full Creative Internship\PubSub\App\test\subscriberFactory.test.js">
        <testCase name="Subscriber factory test" duration="17"/>
    </file>
</testExecutions>